<?xml version="1.0" encoding="UTF-8"?>
<!-- Generated by org.testng.reporters.JUnitXMLReporter -->
<testsuite ignored="0" hostname="Faruq" failures="0" tests="3" name="Default test" time="3.283" errors="0" timestamp="2023-09-10T14:01:07 EDT">
  <testcase classname="com.facebook.locators.DoubleXpath" name="andCondition" time="0.053"/>
  <testcase classname="com.facebook.locators.DoubleXpath" name="doublexPathTest" time="0.826"/>
  <testcase classname="com.facebook.locators.DoubleXpath" name="orCondition" time="0.05"/>
</testsuite> <!-- Default test -->
