<?xml version="1.0" encoding="UTF-8"?>
<!-- Generated by org.testng.reporters.JUnitXMLReporter -->
<testsuite ignored="0" hostname="Faruq" failures="0" tests="3" name="Default test" time="7.635" errors="0" timestamp="2023-09-09T12:44:03 EDT">
  <testcase classname="com.facebookTest.FacebookTest" name="openChromeBrowser" time="2.107"/>
  <testcase classname="com.facebookTest.FacebookTest" name="openEdgeBrowser" time="5.492"/>
  <testcase classname="com.facebookTest.FacebookTest" name="testOne" time="0.001"/>
</testsuite> <!-- Default test -->
