<?xml version="1.0" encoding="UTF-8"?>
<testng-results ignored="0" total="3" passed="3" failed="0" skipped="0">
  <reporter-output>
  </reporter-output>
  <suite started-at="2023-09-10T14:01:04 EDT" name="Default suite" finished-at="2023-09-10T14:01:07 EDT" duration-ms="3283">
    <groups>
    </groups>
    <test started-at="2023-09-10T14:01:04 EDT" name="Default test" finished-at="2023-09-10T14:01:07 EDT" duration-ms="3283">
      <class name="com.facebook.locators.DoubleXpath">
        <test-method is-config="true" signature="openFacebook()[pri:0, instance:com.facebook.locators.DoubleXpath@73a1e9a9]" started-at="2023-09-10T14:01:04 EDT" name="openFacebook" finished-at="2023-09-10T14:01:06 EDT" duration-ms="2327" status="PASS">
          <reporter-output>
          </reporter-output>
        </test-method> <!-- openFacebook -->
        <test-method signature="andCondition()[pri:0, instance:com.facebook.locators.DoubleXpath@73a1e9a9]" started-at="2023-09-10T14:01:06 EDT" name="andCondition" finished-at="2023-09-10T14:01:06 EDT" duration-ms="53" status="PASS">
          <reporter-output>
          </reporter-output>
        </test-method> <!-- andCondition -->
        <test-method signature="doublexPathTest()[pri:0, instance:com.facebook.locators.DoubleXpath@73a1e9a9]" started-at="2023-09-10T14:01:06 EDT" name="doublexPathTest" finished-at="2023-09-10T14:01:07 EDT" duration-ms="826" status="PASS">
          <reporter-output>
          </reporter-output>
        </test-method> <!-- doublexPathTest -->
        <test-method signature="orCondition()[pri:0, instance:com.facebook.locators.DoubleXpath@73a1e9a9]" started-at="2023-09-10T14:01:07 EDT" name="orCondition" finished-at="2023-09-10T14:01:07 EDT" duration-ms="50" status="PASS">
          <reporter-output>
          </reporter-output>
        </test-method> <!-- orCondition -->
      </class> <!-- com.facebook.locators.DoubleXpath -->
    </test> <!-- Default test -->
  </suite> <!-- Default suite -->
</testng-results>
