<?xml version="1.0" encoding="UTF-8"?>
<testng-results ignored="0" total="3" passed="3" failed="0" skipped="0">
  <reporter-output>
  </reporter-output>
  <suite started-at="2023-09-09T12:43:56 EDT" name="Default suite" finished-at="2023-09-09T12:44:03 EDT" duration-ms="7635">
    <groups>
    </groups>
    <test started-at="2023-09-09T12:43:56 EDT" name="Default test" finished-at="2023-09-09T12:44:03 EDT" duration-ms="7635">
      <class name="com.facebookTest.FacebookTest">
        <test-method signature="openChromeBrowser()[pri:0, instance:com.facebookTest.FacebookTest@4f83df68]" started-at="2023-09-09T12:43:56 EDT" name="openChromeBrowser" finished-at="2023-09-09T12:43:58 EDT" duration-ms="2107" status="PASS">
          <reporter-output>
          </reporter-output>
        </test-method> <!-- openChromeBrowser -->
        <test-method signature="openEdgeBrowser()[pri:0, instance:com.facebookTest.FacebookTest@4f83df68]" started-at="2023-09-09T12:43:58 EDT" name="openEdgeBrowser" finished-at="2023-09-09T12:44:03 EDT" duration-ms="5492" status="PASS">
          <reporter-output>
          </reporter-output>
        </test-method> <!-- openEdgeBrowser -->
        <test-method signature="testOne()[pri:0, instance:com.facebookTest.FacebookTest@4f83df68]" started-at="2023-09-09T12:44:03 EDT" name="testOne" finished-at="2023-09-09T12:44:03 EDT" duration-ms="1" status="PASS">
          <reporter-output>
          </reporter-output>
        </test-method> <!-- testOne -->
      </class> <!-- com.facebookTest.FacebookTest -->
    </test> <!-- Default test -->
  </suite> <!-- Default suite -->
</testng-results>
